<?xml version="1.0" encoding="UTF-8"?>
<testng-results ignored="0" total="1" passed="1" failed="0" skipped="0">
  <reporter-output>
  </reporter-output>
  <suite started-at="2023-10-23T13:11:25 EET" name="Default suite" finished-at="2023-10-23T13:11:27 EET" duration-ms="1947">
    <groups>
    </groups>
    <test started-at="2023-10-23T13:11:25 EET" name="Default test" finished-at="2023-10-23T13:11:27 EET" duration-ms="1947">
      <class name="MyClass">
        <test-method is-config="true" signature="mySetup()[pri:0, instance:MyClass@54afd745]" started-at="2023-10-23T13:11:25 EET" name="mySetup" finished-at="2023-10-23T13:11:27 EET" duration-ms="1898" status="PASS">
          <reporter-output>
          </reporter-output>
        </test-method> <!-- mySetup -->
        <test-method signature="myTest()[pri:0, instance:MyClass@54afd745]" started-at="2023-10-23T13:11:27 EET" name="myTest" finished-at="2023-10-23T13:11:27 EET" duration-ms="7" status="PASS">
          <reporter-output>
          </reporter-output>
        </test-method> <!-- myTest -->
        <test-method is-config="true" signature="myPostTesting()[pri:0, instance:MyClass@54afd745]" started-at="2023-10-23T13:11:27 EET" name="myPostTesting" finished-at="2023-10-23T13:11:27 EET" duration-ms="1" status="PASS">
          <reporter-output>
          </reporter-output>
        </test-method> <!-- myPostTesting -->
      </class> <!-- MyClass -->
    </test> <!-- Default test -->
  </suite> <!-- Default suite -->
</testng-results>
